2024-11-03 14:10:16,692 [INFO] Activator:176 - 


2024-11-03 14:10:16,694 [INFO] Activator:177 - !SESSION log4j initialized
2024-11-03 14:10:21,299 [INFO] LogOutputStream:77 - [STDOUT_REDIRECT] 
2024-11-03 14:10:26,749 [INFO] ApplicationProperties:184 - Using Application install path: C:\ST\STM32CubeIDE_1.16.0\STM32CubeIDE\plugins\com.st.stm32cube.common.mx_6.12.0.202406281431
2024-11-03 14:10:26,772 [INFO] DbMcusXml:78 - Set database path to: C:\ST\STM32CubeIDE_1.16.0\STM32CubeIDE\plugins\com.st.stm32cube.common.mx_6.12.0.202406281431\\db\/mcu/
2024-11-03 14:10:26,772 [INFO] ApiDb:274 - Set plugin database path to: C:\ST\STM32CubeIDE_1.16.0\STM32CubeIDE\plugins\com.st.stm32cube.common.mx_6.12.0.202406281431\\db\/plugins/boardmanager/
2024-11-03 14:10:26,772 [WARN] ApiDb:259 - Overriding images path with different value:  => C:\ST\STM32CubeIDE_1.16.0\STM32CubeIDE\plugins\com.st.stm32cube.common.mx_6.12.0.202406281431\\db\/plugins/mcufinder/images/
2024-11-03 14:10:26,789 [INFO] ApiDb:250 - Set database path to: C:\Users\ashok\.stmcufinder\plugins\mcufinder//mcu/
2024-11-03 14:10:26,790 [INFO] DbMcusAds:125 - Set database path to: C:\Users\ashok\.stmcufinder\plugins\mcufinder//mcu/
2024-11-03 14:10:26,794 [INFO] CrossReferenceDbSqlite:203 - Set database path to: C:\Users\ashok\.stmcufinder\plugins\mcufinder//mcu/cs/
2024-11-03 14:10:26,945 [INFO] RulesReader:64 - Compatibility file has been processed (297 Rules)
2024-11-03 14:10:27,069 [INFO] DbMcusXml:78 - Set database path to: C:\ST\STM32CubeIDE_1.16.0\STM32CubeIDE\plugins\com.st.stm32cube.common.mx_6.12.0.202406281431\\db\/mcu/
2024-11-03 14:10:27,070 [INFO] ApiDb:274 - Set plugin database path to: C:\ST\STM32CubeIDE_1.16.0\STM32CubeIDE\plugins\com.st.stm32cube.common.mx_6.12.0.202406281431\\db\/plugins/boardmanager/
2024-11-03 14:10:27,070 [INFO] ApiDb:261 - Set plugin images path to: C:\ST\STM32CubeIDE_1.16.0\STM32CubeIDE\plugins\com.st.stm32cube.common.mx_6.12.0.202406281431\\db\/plugins/mcufinder/images/
2024-11-03 14:10:27,070 [WARN] DbFile:41 - Overriding database path with different value: C:\Users\ashok\.stmcufinder\plugins\mcufinder/ => C:\Users\ashok\.stmcufinder\plugins\mcufinder
2024-11-03 14:10:27,070 [INFO] ApiDb:250 - Set database path to: C:\Users\ashok\.stmcufinder\plugins\mcufinder//mcu/
2024-11-03 14:10:27,071 [WARN] DbFile:41 - Overriding database path with different value: C:\Users\ashok\.stmcufinder\plugins\mcufinder/ => C:\Users\ashok\.stmcufinder\plugins\mcufinder
2024-11-03 14:10:27,071 [INFO] DbMcusAds:125 - Set database path to: C:\Users\ashok\.stmcufinder\plugins\mcufinder//mcu/
2024-11-03 14:10:27,071 [WARN] DbFile:41 - Overriding database path with different value: C:\Users\ashok\.stmcufinder\plugins\mcufinder/ => C:\Users\ashok\.stmcufinder\plugins\mcufinder
2024-11-03 14:10:27,071 [WARN] DbFile:41 - Overriding database path with different value: C:\Users\ashok\.stmcufinder\plugins\mcufinder/ => C:\Users\ashok\.stmcufinder\plugins\mcufinder
2024-11-03 14:10:27,071 [INFO] CrossReferenceDbSqlite:203 - Set database path to: C:\Users\ashok\.stmcufinder\plugins\mcufinder//mcu/cs/
2024-11-03 14:10:27,174 [INFO] MainPanel:268 - HeapMemory: 268435456
2024-11-03 14:10:27,316 [INFO] DbMcusXml:78 - Set database path to: C:\ST\STM32CubeIDE_1.16.0\STM32CubeIDE\plugins\com.st.stm32cube.common.mx_6.12.0.202406281431\\db\/mcu/
2024-11-03 14:10:27,316 [INFO] ApiDb:274 - Set plugin database path to: C:\ST\STM32CubeIDE_1.16.0\STM32CubeIDE\plugins\com.st.stm32cube.common.mx_6.12.0.202406281431\\db\/plugins/boardmanager/
2024-11-03 14:10:27,316 [INFO] ApiDb:261 - Set plugin images path to: C:\ST\STM32CubeIDE_1.16.0\STM32CubeIDE\plugins\com.st.stm32cube.common.mx_6.12.0.202406281431\\db\/plugins/mcufinder/images/
2024-11-03 14:10:27,316 [WARN] DbFile:41 - Overriding database path with different value: C:\Users\ashok\.stmcufinder\plugins\mcufinder/ => C:\Users\ashok\.stmcufinder\plugins\mcufinder
2024-11-03 14:10:27,318 [INFO] ApiDb:250 - Set database path to: C:\Users\ashok\.stmcufinder\plugins\mcufinder//mcu/
2024-11-03 14:10:27,318 [WARN] DbFile:41 - Overriding database path with different value: C:\Users\ashok\.stmcufinder\plugins\mcufinder/ => C:\Users\ashok\.stmcufinder\plugins\mcufinder
2024-11-03 14:10:27,318 [INFO] DbMcusAds:125 - Set database path to: C:\Users\ashok\.stmcufinder\plugins\mcufinder//mcu/
2024-11-03 14:10:27,318 [WARN] DbFile:41 - Overriding database path with different value: C:\Users\ashok\.stmcufinder\plugins\mcufinder/ => C:\Users\ashok\.stmcufinder\plugins\mcufinder
2024-11-03 14:10:27,318 [WARN] DbFile:41 - Overriding database path with different value: C:\Users\ashok\.stmcufinder\plugins\mcufinder/ => C:\Users\ashok\.stmcufinder\plugins\mcufinder
2024-11-03 14:10:27,318 [INFO] CrossReferenceDbSqlite:203 - Set database path to: C:\Users\ashok\.stmcufinder\plugins\mcufinder//mcu/cs/
2024-11-03 14:10:27,344 [INFO] ApplicationProperties:184 - Using Application install path: C:\ST\STM32CubeIDE_1.16.0\STM32CubeIDE\plugins\com.st.stm32cube.common.mx_6.12.0.202406281431
2024-11-03 14:10:27,346 [INFO] PluginManage:196 - Search for loadable plugins [exclusion list=, ]
2024-11-03 14:10:27,348 [INFO] PluginManage:310 - Check plugin analytics
2024-11-03 14:10:27,587 [INFO] AnalyticsPlugin:253 - Accepted Software Licenses: 
2024-11-03 14:10:27,588 [INFO] AnalyticsPlugin:255 - Accepted CMSIS Pack Licenses: 
2024-11-03 14:10:27,588 [INFO] AnalyticsPlugin:257 - Accepted Firmware Licenses: FW.F4.1.28.0
2024-11-03 14:10:27,591 [INFO] PluginManage:359 - Loaded plugin analytics (category:tool,tabindex:-1)
2024-11-03 14:10:27,591 [INFO] PluginManage:310 - Check plugin cadmodel
2024-11-03 14:10:27,616 [INFO] CADModel:105 - Init CAD model plugin
2024-11-03 14:10:27,616 [INFO] PluginManage:359 - Loaded plugin cadmodel (category:power,tabindex:5)
2024-11-03 14:10:27,616 [INFO] PluginManage:310 - Check plugin clock
2024-11-03 14:10:27,642 [INFO] PluginManage:359 - Loaded plugin clock (category:base,tabindex:2)
2024-11-03 14:10:27,642 [INFO] PluginManage:310 - Check plugin ddr
2024-11-03 14:10:27,646 [INFO] PluginManage:359 - Loaded plugin ddr (category:tool,tabindex:6)
2024-11-03 14:10:27,646 [INFO] PluginManage:310 - Check plugin filemanager
2024-11-03 14:10:27,855 [INFO] PluginManage:359 - Loaded plugin filemanager (category:base,tabindex:10)
2024-11-03 14:10:27,855 [INFO] PluginManage:310 - Check plugin ipmanager
2024-11-03 14:10:27,866 [INFO] PluginManage:359 - Loaded plugin ipmanager (category:base,tabindex:5)
2024-11-03 14:10:27,870 [INFO] PluginManage:310 - Check plugin lpbam
2024-11-03 14:10:27,900 [INFO] PluginManage:359 - Loaded plugin lpbam (category:base,tabindex:0)
2024-11-03 14:10:27,900 [INFO] PluginManage:310 - Check plugin memorymap
2024-11-03 14:10:27,930 [INFO] PluginManage:359 - Loaded plugin memorymap (category:base,tabindex:4)
2024-11-03 14:10:27,930 [INFO] PluginManage:310 - Check plugin pinoutandconfiguration
2024-11-03 14:10:27,952 [INFO] PluginManage:359 - Loaded plugin pinoutandconfiguration (category:base,tabindex:1)
2024-11-03 14:10:27,952 [INFO] PluginManage:310 - Check plugin pinoutconfig
2024-11-03 14:10:28,106 [WARN] SupportedApi:132 - Cannot load RTOS API schema: s4s-elt-must-match.1: The content of 'definitions' must match (annotation?, (simpleType | complexType)?, (unique | key | keyref)*)). A problem was found starting at: attribute.
2024-11-03 14:10:28,272 [INFO] PluginManage:359 - Loaded plugin pinoutconfig (category:base,tabindex:0)
2024-11-03 14:10:28,272 [INFO] PluginManage:310 - Check plugin power
2024-11-03 14:10:28,308 [INFO] PluginManage:359 - Loaded plugin power (category:power,tabindex:4)
2024-11-03 14:10:28,309 [INFO] PluginManage:310 - Check plugin projectmanager
2024-11-03 14:10:28,337 [INFO] PluginManage:359 - Loaded plugin projectmanager (category:projectmanager,tabindex:4)
2024-11-03 14:10:28,338 [INFO] PluginManage:310 - Check plugin rif
2024-11-03 14:10:28,359 [INFO] PluginManage:359 - Loaded plugin rif (category:base,tabindex:3)
2024-11-03 14:10:28,359 [INFO] PluginManage:310 - Check plugin thirdparty
2024-11-03 14:10:28,707 [INFO] PluginManage:359 - Loaded plugin thirdparty (category:base,tabindex:-1)
2024-11-03 14:10:28,707 [WARN] IntegrityCheckThread:84 - waiting for thirdparty lock release [integrity check]
2024-11-03 14:10:28,708 [INFO] PluginManage:310 - Check plugin tools
2024-11-03 14:10:28,708 [INFO] IntegrityCheckThread:86 - entering critical section [integrity check]
2024-11-03 14:10:28,708 [INFO] ThirdPartyUpdaterWithRetryManager:70 - Updater plugin not ready yet. [1/15]
2024-11-03 14:10:28,753 [INFO] PluginManage:359 - Loaded plugin tools (category:base,tabindex:7)
2024-11-03 14:10:28,753 [INFO] PluginManage:310 - Check plugin tutovideos
2024-11-03 14:10:29,055 [INFO] PluginManage:359 - Loaded plugin tutovideos (category:base,tabindex:-1)
2024-11-03 14:10:29,056 [INFO] PluginManage:310 - Check plugin updater
2024-11-03 14:10:29,076 [INFO] PluginManage:359 - Loaded plugin updater (category:base,tabindex:12)
2024-11-03 14:10:29,076 [INFO] PluginManage:310 - Check plugin userauth
2024-11-03 14:10:29,083 [INFO] UserAuth:113 - Init User Auth plugin
2024-11-03 14:10:29,083 [INFO] PluginManage:359 - Loaded plugin userauth (category:base,tabindex:14)
2024-11-03 14:10:29,084 [INFO] PluginManage:283 - PluginManage : Loaded plugins [18]
2024-11-03 14:10:29,371 [INFO] PinOutPanel:1561 - setPackage(No Configuration,No Configuration)
2024-11-03 14:10:29,514 [INFO] CADModel:165 - CPN selected for project level
2024-11-03 14:10:29,514 [INFO] CADModel:114 - Register for checkConnection events
2024-11-03 14:10:29,545 [INFO] IPUIPlugin:80 - create IPUIPlugin
2024-11-03 14:10:29,545 [INFO] PluginManager:220 - loadIPPluginJar : add adc
2024-11-03 14:10:29,583 [INFO] IPUIPlugin:80 - create IPUIPlugin
2024-11-03 14:10:29,583 [INFO] PluginManager:220 - loadIPPluginJar : add aes
2024-11-03 14:10:29,648 [INFO] IPUIPlugin:80 - create IPUIPlugin
2024-11-03 14:10:29,648 [INFO] PluginManager:220 - loadIPPluginJar : add can
2024-11-03 14:10:29,685 [INFO] IPUIPlugin:80 - create IPUIPlugin
2024-11-03 14:10:29,685 [INFO] PluginManager:220 - loadIPPluginJar : add comp
2024-11-03 14:10:29,728 [INFO] IPUIPlugin:80 - create IPUIPlugin
2024-11-03 14:10:29,728 [INFO] PluginManager:220 - loadIPPluginJar : add cryp
2024-11-03 14:10:29,744 [INFO] IPUIPlugin:80 - create IPUIPlugin
2024-11-03 14:10:29,744 [INFO] PluginManager:220 - loadIPPluginJar : add ddr_ctrl_phy
2024-11-03 14:10:29,778 [INFO] IPUIPlugin:80 - create IPUIPlugin
2024-11-03 14:10:29,778 [INFO] PluginManager:220 - loadIPPluginJar : add dfsdm
2024-11-03 14:10:29,796 [INFO] IPUIPlugin:80 - create IPUIPlugin
2024-11-03 14:10:29,796 [INFO] PluginManager:220 - loadIPPluginJar : add dma
2024-11-03 14:10:29,848 [INFO] IPUIPlugin:80 - create IPUIPlugin
2024-11-03 14:10:29,848 [INFO] PluginManager:220 - loadIPPluginJar : add dma3
2024-11-03 14:10:29,896 [INFO] IPUIPlugin:80 - create IPUIPlugin
2024-11-03 14:10:29,896 [INFO] PluginManager:220 - loadIPPluginJar : add extmemmanager
2024-11-03 14:10:29,920 [INFO] IPUIPlugin:80 - create IPUIPlugin
2024-11-03 14:10:29,921 [INFO] PluginManager:220 - loadIPPluginJar : add fatfs
2024-11-03 14:10:29,979 [INFO] IPUIPlugin:80 - create IPUIPlugin
2024-11-03 14:10:29,980 [INFO] PluginManager:220 - loadIPPluginJar : add fmc
2024-11-03 14:10:29,996 [INFO] IPUIPlugin:80 - create IPUIPlugin
2024-11-03 14:10:29,996 [INFO] PluginManager:220 - loadIPPluginJar : add freertos
2024-11-03 14:10:30,018 [INFO] IPUIPlugin:80 - create IPUIPlugin
2024-11-03 14:10:30,019 [INFO] PluginManager:220 - loadIPPluginJar : add genericplugin
2024-11-03 14:10:30,147 [INFO] IPUIPlugin:80 - create IPUIPlugin
2024-11-03 14:10:30,147 [INFO] PluginManager:220 - loadIPPluginJar : add gfxmmu
2024-11-03 14:10:30,310 [INFO] IPUIPlugin:80 - create IPUIPlugin
2024-11-03 14:10:30,311 [INFO] PluginManager:220 - loadIPPluginJar : add gic
2024-11-03 14:10:30,325 [INFO] IPUIPlugin:80 - create IPUIPlugin
2024-11-03 14:10:30,325 [INFO] PluginManager:220 - loadIPPluginJar : add gpio
2024-11-03 14:10:30,424 [INFO] IPUIPlugin:80 - create IPUIPlugin
2024-11-03 14:10:30,424 [INFO] PluginManager:220 - loadIPPluginJar : add gtzc
2024-11-03 14:10:30,454 [INFO] IPUIPlugin:80 - create IPUIPlugin
2024-11-03 14:10:30,454 [INFO] PluginManager:220 - loadIPPluginJar : add hash
2024-11-03 14:10:30,512 [INFO] IPUIPlugin:80 - create IPUIPlugin
2024-11-03 14:10:30,512 [INFO] PluginManager:220 - loadIPPluginJar : add i2c
2024-11-03 14:10:30,556 [INFO] IPUIPlugin:80 - create IPUIPlugin
2024-11-03 14:10:30,557 [INFO] PluginManager:220 - loadIPPluginJar : add i2s
2024-11-03 14:10:30,602 [INFO] IPUIPlugin:80 - create IPUIPlugin
2024-11-03 14:10:30,602 [INFO] PluginManager:220 - loadIPPluginJar : add i3c
2024-11-03 14:10:30,712 [INFO] IPUIPlugin:80 - create IPUIPlugin
2024-11-03 14:10:30,712 [INFO] PluginManager:220 - loadIPPluginJar : add ipddr
2024-11-03 14:10:30,819 [INFO] IPUIPlugin:80 - create IPUIPlugin
2024-11-03 14:10:30,819 [INFO] PluginManager:220 - loadIPPluginJar : add linkedlist
2024-11-03 14:10:30,859 [INFO] IPUIPlugin:80 - create IPUIPlugin
2024-11-03 14:10:30,859 [INFO] PluginManager:220 - loadIPPluginJar : add lorawan
2024-11-03 14:10:30,894 [INFO] IPUIPlugin:80 - create IPUIPlugin
2024-11-03 14:10:30,894 [INFO] PluginManager:220 - loadIPPluginJar : add ltdc
2024-11-03 14:10:30,909 [INFO] IPUIPlugin:80 - create IPUIPlugin
2024-11-03 14:10:30,909 [INFO] PluginManager:220 - loadIPPluginJar : add mdma
2024-11-03 14:10:30,922 [INFO] IPUIPlugin:80 - create IPUIPlugin
2024-11-03 14:10:30,922 [INFO] PluginManager:220 - loadIPPluginJar : add nvic
2024-11-03 14:10:30,962 [INFO] IPUIPlugin:80 - create IPUIPlugin
2024-11-03 14:10:30,962 [INFO] PluginManager:220 - loadIPPluginJar : add opamp
2024-11-03 14:10:31,024 [INFO] IPUIPlugin:80 - create IPUIPlugin
2024-11-03 14:10:31,024 [INFO] PluginManager:220 - loadIPPluginJar : add openamp
2024-11-03 14:10:31,083 [INFO] IPUIPlugin:80 - create IPUIPlugin
2024-11-03 14:10:31,083 [INFO] PluginManager:220 - loadIPPluginJar : add pdm2pcm
2024-11-03 14:10:31,097 [INFO] IPUIPlugin:80 - create IPUIPlugin
2024-11-03 14:10:31,099 [INFO] PluginManager:220 - loadIPPluginJar : add plateformsettings
2024-11-03 14:10:31,141 [INFO] IPUIPlugin:80 - create IPUIPlugin
2024-11-03 14:10:31,141 [INFO] PluginManager:220 - loadIPPluginJar : add quadspi
2024-11-03 14:10:31,165 [INFO] IPUIPlugin:80 - create IPUIPlugin
2024-11-03 14:10:31,166 [INFO] PluginManager:220 - loadIPPluginJar : add radio
2024-11-03 14:10:31,180 [INFO] IPUIPlugin:80 - create IPUIPlugin
2024-11-03 14:10:31,180 [INFO] PluginManager:220 - loadIPPluginJar : add resmgrutility
2024-11-03 14:10:31,228 [INFO] IPUIPlugin:80 - create IPUIPlugin
2024-11-03 14:10:31,228 [INFO] PluginManager:220 - loadIPPluginJar : add sai
2024-11-03 14:10:31,262 [INFO] IPUIPlugin:80 - create IPUIPlugin
2024-11-03 14:10:31,262 [INFO] PluginManager:220 - loadIPPluginJar : add spi
2024-11-03 14:10:31,350 [INFO] IPUIPlugin:80 - create IPUIPlugin
2024-11-03 14:10:31,350 [INFO] PluginManager:220 - loadIPPluginJar : add stm32_wpan
2024-11-03 14:10:31,373 [INFO] IPUIPlugin:80 - create IPUIPlugin
2024-11-03 14:10:31,373 [INFO] PluginManager:220 - loadIPPluginJar : add tim
2024-11-03 14:10:31,462 [INFO] IPUIPlugin:80 - create IPUIPlugin
2024-11-03 14:10:31,462 [INFO] PluginManager:220 - loadIPPluginJar : add touchsensing
2024-11-03 14:10:31,486 [INFO] IPUIPlugin:80 - create IPUIPlugin
2024-11-03 14:10:31,486 [INFO] PluginManager:220 - loadIPPluginJar : add tracer_emb
2024-11-03 14:10:31,531 [INFO] IPUIPlugin:80 - create IPUIPlugin
2024-11-03 14:10:31,531 [INFO] PluginManager:220 - loadIPPluginJar : add ts
2024-11-03 14:10:31,565 [INFO] IPUIPlugin:80 - create IPUIPlugin
2024-11-03 14:10:31,565 [INFO] PluginManager:220 - loadIPPluginJar : add tsc
2024-11-03 14:10:31,593 [INFO] IPUIPlugin:80 - create IPUIPlugin
2024-11-03 14:10:31,593 [INFO] PluginManager:220 - loadIPPluginJar : add ucpd
2024-11-03 14:10:31,638 [INFO] IPUIPlugin:80 - create IPUIPlugin
2024-11-03 14:10:31,638 [INFO] PluginManager:220 - loadIPPluginJar : add usart
2024-11-03 14:10:31,682 [INFO] IPUIPlugin:80 - create IPUIPlugin
2024-11-03 14:10:31,682 [INFO] PluginManager:220 - loadIPPluginJar : add usbx
2024-11-03 14:10:31,709 [INFO] ThirdPartyUpdaterWithRetryManager:70 - Updater plugin not ready yet. [2/15]
2024-11-03 14:10:31,824 [INFO] CADModel:165 - CPN selected for project level
2024-11-03 14:10:31,824 [INFO] CADModel:114 - Register for checkConnection events
2024-11-03 14:10:31,824 [FATAL] Updater:334 - Updater called before beeing initialized
2024-11-03 14:10:31,824 [ERROR] CADModel:125 - Updater not yet initialized, retry later 
2024-11-03 14:10:32,772 [INFO] CADModel:165 - CPN selected for project level
2024-11-03 14:10:32,772 [INFO] CADModel:114 - Register for checkConnection events
2024-11-03 14:10:32,773 [FATAL] Updater:334 - Updater called before beeing initialized
2024-11-03 14:10:32,773 [ERROR] CADModel:125 - Updater not yet initialized, retry later 
2024-11-03 14:10:32,778 [FATAL] Updater:334 - Updater called before beeing initialized
2024-11-03 14:10:32,917 [FATAL] Updater:334 - Updater called before beeing initialized
2024-11-03 14:10:32,932 [INFO] DbMcusAds:53 - JSON generation date=Fri Sep 20 18:34:23 IST 2024 (1726837463113)
2024-11-03 14:10:32,932 [FATAL] Updater:334 - Updater called before beeing initialized
2024-11-03 14:10:33,006 [WARN] DetailPanel:346 - Failed to get advertising image, set to default
2024-11-03 14:10:33,110 [FATAL] Updater:334 - Updater called before beeing initialized
2024-11-03 14:10:33,128 [FATAL] Updater:334 - Updater called before beeing initialized
2024-11-03 14:10:33,129 [FATAL] Updater:334 - Updater called before beeing initialized
2024-11-03 14:10:33,129 [WARN] DetailPanel:346 - Failed to get advertising image, set to default
2024-11-03 14:10:33,130 [FATAL] Updater:334 - Updater called before beeing initialized
2024-11-03 14:10:33,223 [ERROR] Updater:1164 - MainUpdater not yet initialized. External WinMGr cannot be set.
2024-11-03 14:10:33,233 [INFO] Updater:1100 - Updater Version found : 6.12.0
2024-11-03 14:10:33,255 [INFO] ApplicationProperties:184 - Using Application install path: C:\ST\STM32CubeIDE_1.16.0\STM32CubeIDE\plugins\com.st.stm32cube.common.mx_6.12.0.202406281431
2024-11-03 14:10:34,711 [INFO] ThirdPartyUpdaterWithRetryManager:70 - Updater plugin not ready yet. [3/15]
2024-11-03 14:10:34,853 [ERROR] LogOutputStream:75 - [STDERR_REDIRECT] Nov 03, 2024 2:10:34 PM java.util.prefs.WindowsPreferences <init>
2024-11-03 14:10:34,856 [ERROR] LogOutputStream:75 - [STDERR_REDIRECT] WARNING: Could not open/create prefs root node Software\JavaSoft\Prefs at root 0xffffffff80000002. Windows RegCreateKeyEx(...) returned error code 5.
2024-11-03 14:10:34,856 [ERROR] LogOutputStream:75 - [STDERR_REDIRECT] 
2024-11-03 14:10:35,381 [INFO] MainUpdater:2873 - connection check result : 10
2024-11-03 14:10:35,381 [INFO] MainUpdater:3567 - Updater definition file requires update
2024-11-03 14:10:35,382 [INFO] MainUpdater:290 - Updater Check For Update Now.
2024-11-03 14:10:35,383 [INFO] MicroXplorer:498 - Change Database Version : DB.6.0.120
2024-11-03 14:10:35,399 [INFO] McuFinderGlobals:63 - Set McuFinder mode to 2 (CubeIDE integrated)
2024-11-03 14:10:35,404 [INFO] UserAuth:417 - Internet connection configuration mode: 1
2024-11-03 14:10:35,433 [INFO] JxBrowserEngine:152 - Initiate JxBrowser Engine with user profile folder
2024-11-03 14:10:36,929 [INFO] ServerAccessManage:473 - Download File updaters.zip
2024-11-03 14:10:37,067 [INFO] FileExtend:240 - Unzip File : updaters.zip
2024-11-03 14:10:37,067 [INFO] FileExtend:255 - Standard Zip Deflate
2024-11-03 14:10:37,722 [WARN] MainUpdater:1194 - Updater busy. Cannot search thirdparties
2024-11-03 14:10:37,723 [INFO] ThirdPartyUpdaterWithRetryManager:96 - Updater plugin is busy. [1/15]
2024-11-03 14:10:38,858 [INFO] ServerAccessManage:473 - Download File PacksControlFlags.xml
2024-11-03 14:10:39,793 [INFO] ServerAccessManage:473 - Download File cubemx.pidx
2024-11-03 14:10:39,971 [INFO] LoadServerUpdatesThread:375 - End of LoadServerUpdate Thread
2024-11-03 14:10:40,254 [INFO] CheckServerUpdateThread:120 - End of CheckServer Thread
2024-11-03 14:10:41,098 [WARN] PackLoader:240 - Cannot read IP mode file for STMicroelectronics.FP-SNS-MOTENVWB1.1.4.0
2024-11-03 14:10:41,116 [WARN] PackLoader:240 - Cannot read IP mode file for STMicroelectronics.X-CUBE-SMBUS.2.1.0
2024-11-03 14:10:41,136 [WARN] PackLoader:240 - Cannot read IP mode file for STMicroelectronics.X-CUBE-WB05N.1.1.0
2024-11-03 14:10:41,204 [WARN] PackLoader:240 - Cannot read IP mode file for STMicroelectronics.X-CUBE-AZRTOS-F7.1.1.0
2024-11-03 14:10:41,330 [WARN] PackLoader:240 - Cannot read IP mode file for STMicroelectronics.X-CUBE-MEMS1.11.0.0
2024-11-03 14:10:41,614 [WARN] PackLoader:240 - Cannot read IP mode file for STMicroelectronics.FP-SNS-FLIGHT1.5.0.2
2024-11-03 14:10:41,632 [WARN] PackLoader:240 - Cannot read IP mode file for STMicroelectronics.X-CUBE-DISPLAY.3.0.0
2024-11-03 14:10:41,668 [WARN] PackLoader:240 - Cannot read IP mode file for STMicroelectronics.X-CUBE-BLE1.7.0.0
2024-11-03 14:10:41,702 [WARN] PackLoader:240 - Cannot read IP mode file for STMicroelectronics.X-CUBE-NFC10.1.0.0
2024-11-03 14:10:41,725 [WARN] PackLoader:240 - Cannot read IP mode file for emotas.I-CUBE-CANOPEN.1.3.0
2024-11-03 14:10:41,752 [WARN] PackLoader:240 - Cannot read IP mode file for STMicroelectronics.X-CUBE-BLEMGR.3.1.0
2024-11-03 14:10:41,778 [WARN] PackLoader:240 - Cannot read IP mode file for STMicroelectronics.FP-SNS-SMARTAG2.1.2.0
2024-11-03 14:10:41,806 [INFO] LogOutputStream:77 - [STDOUT_REDIRECT] 1 : Invalid condition id : UX_CORESTACK_Condition cause : null
2024-11-03 14:10:41,806 [INFO] LogOutputStream:77 - [STDOUT_REDIRECT] 1 : Invalid condition id : UX_CORESTACK_Condition cause : null
2024-11-03 14:10:41,807 [INFO] LogOutputStream:77 - [STDOUT_REDIRECT] 1 : Invalid condition id : UX_CORESTACK_Condition cause : null
2024-11-03 14:10:41,808 [INFO] LogOutputStream:77 - [STDOUT_REDIRECT] 1 : Invalid condition id : UX_CORESTACK_Condition cause : null
2024-11-03 14:10:41,809 [INFO] LogOutputStream:77 - [STDOUT_REDIRECT] 1 : Invalid condition id : UX_CORESTACK_Condition cause : null
2024-11-03 14:10:41,814 [WARN] PackLoader:240 - Cannot read IP mode file for STMicroelectronics.X-CUBE-AZRTOS-WL.2.0.0
2024-11-03 14:10:41,841 [WARN] PackLoader:240 - Cannot read IP mode file for STMicroelectronics.FP-SNS-MOTENV1.5.0.0
2024-11-03 14:10:41,855 [WARN] PackLoader:240 - Cannot read IP mode file for wolfSSL.I-CUBE-wolfMQTT.1.19.0
2024-11-03 14:10:41,873 [WARN] PackLoader:240 - Cannot read IP mode file for WES.I-CUBE-Cesium.1.3.0
2024-11-03 14:10:41,907 [WARN] PackLoader:240 - Cannot read IP mode file for STMicroelectronics.X-CUBE-BLE2.3.3.0
2024-11-03 14:10:41,939 [WARN] PackLoader:240 - Cannot read IP mode file for STMicroelectronics.X-CUBE-NFC9.1.0.0
2024-11-03 14:10:41,956 [WARN] PackLoader:240 - Cannot read IP mode file for STMicroelectronics.X-CUBE-TCPP.4.1.0
2024-11-03 14:10:41,999 [WARN] PackLoader:240 - Cannot read IP mode file for STMicroelectronics.X-CUBE-AZRTOS-G0.1.1.0
2024-11-03 14:10:42,025 [WARN] PackLoader:240 - Cannot read IP mode file for STMicroelectronics.X-CUBE-SAFEA1.1.2.2
2024-11-03 14:10:42,058 [WARN] PackLoader:240 - Cannot read IP mode file for STMicroelectronics.X-CUBE-NFC4.3.0.0
2024-11-03 14:10:42,088 [WARN] PackLoader:240 - Cannot read IP mode file for EmbeddedOffice.I-CUBE-FS-RTOS.1.0.1
2024-11-03 14:10:42,088 [ERROR] ConditionMgr:805 - Attr not supported : Dmpu
2024-11-03 14:10:42,088 [ERROR] ConditionMgr:805 - Attr not supported : Dmpu
2024-11-03 14:10:42,088 [ERROR] ConditionMgr:805 - Attr not supported : Dmpu
2024-11-03 14:10:42,089 [ERROR] ConditionMgr:805 - Attr not supported : Dmpu
2024-11-03 14:10:42,089 [ERROR] ConditionMgr:805 - Attr not supported : Dmpu
2024-11-03 14:10:42,089 [ERROR] ConditionMgr:805 - Attr not supported : Dmpu
2024-11-03 14:10:42,089 [ERROR] ConditionMgr:805 - Attr not supported : Dmpu
2024-11-03 14:10:42,089 [ERROR] ConditionMgr:805 - Attr not supported : Dmpu
2024-11-03 14:10:42,089 [ERROR] ConditionMgr:805 - Attr not supported : Dmpu
2024-11-03 14:10:42,089 [ERROR] ConditionMgr:805 - Attr not supported : Dmpu
2024-11-03 14:10:42,089 [ERROR] ConditionMgr:805 - Attr not supported : Dmpu
2024-11-03 14:10:42,089 [ERROR] ConditionMgr:805 - Attr not supported : Dmpu
2024-11-03 14:10:42,089 [ERROR] ConditionMgr:805 - Attr not supported : Dmpu
2024-11-03 14:10:42,089 [ERROR] ConditionMgr:805 - Attr not supported : Dmpu
2024-11-03 14:10:42,090 [ERROR] ConditionMgr:805 - Attr not supported : Dmpu
2024-11-03 14:10:42,090 [ERROR] ConditionMgr:805 - Attr not supported : Dmpu
2024-11-03 14:10:42,090 [ERROR] ConditionMgr:805 - Attr not supported : Dmpu
2024-11-03 14:10:42,090 [ERROR] ConditionMgr:805 - Attr not supported : Dmpu
2024-11-03 14:10:42,090 [ERROR] ConditionMgr:805 - Attr not supported : Dmpu
2024-11-03 14:10:42,090 [ERROR] ConditionMgr:805 - Attr not supported : Dmpu
2024-11-03 14:10:42,090 [ERROR] ConditionMgr:805 - Attr not supported : Dmpu
2024-11-03 14:10:42,090 [ERROR] ConditionMgr:805 - Attr not supported : Dmpu
2024-11-03 14:10:42,090 [ERROR] ConditionMgr:805 - Attr not supported : Dmpu
2024-11-03 14:10:42,090 [ERROR] ConditionMgr:805 - Attr not supported : Dmpu
2024-11-03 14:10:42,090 [ERROR] ConditionMgr:805 - Attr not supported : Dmpu
2024-11-03 14:10:42,091 [ERROR] ConditionMgr:805 - Attr not supported : Dmpu
2024-11-03 14:10:42,091 [ERROR] ConditionMgr:805 - Attr not supported : Dmpu
2024-11-03 14:10:42,091 [ERROR] ConditionMgr:805 - Attr not supported : Dmpu
2024-11-03 14:10:42,091 [ERROR] ConditionMgr:805 - Attr not supported : Dmpu
2024-11-03 14:10:42,091 [ERROR] ConditionMgr:805 - Attr not supported : Dmpu
2024-11-03 14:10:42,091 [ERROR] ConditionMgr:805 - Attr not supported : Dmpu
2024-11-03 14:10:42,091 [ERROR] ConditionMgr:805 - Attr not supported : Dmpu
2024-11-03 14:10:42,091 [ERROR] ConditionMgr:805 - Attr not supported : Dmpu
2024-11-03 14:10:42,091 [ERROR] ConditionMgr:805 - Attr not supported : Dmpu
2024-11-03 14:10:42,091 [ERROR] ConditionMgr:805 - Attr not supported : Dmpu
2024-11-03 14:10:42,091 [ERROR] ConditionMgr:805 - Attr not supported : Dmpu
2024-11-03 14:10:42,092 [ERROR] ConditionMgr:805 - Attr not supported : Dmpu
2024-11-03 14:10:42,092 [ERROR] ConditionMgr:805 - Attr not supported : Dmpu
2024-11-03 14:10:42,092 [ERROR] ConditionMgr:805 - Attr not supported : Dmpu
2024-11-03 14:10:42,092 [ERROR] ConditionMgr:805 - Attr not supported : Dmpu
2024-11-03 14:10:42,092 [ERROR] ConditionMgr:805 - Attr not supported : Dmpu
2024-11-03 14:10:42,092 [ERROR] ConditionMgr:805 - Attr not supported : Dmpu
2024-11-03 14:10:42,092 [ERROR] ConditionMgr:805 - Attr not supported : Dmpu
2024-11-03 14:10:42,092 [ERROR] ConditionMgr:805 - Attr not supported : Dmpu
2024-11-03 14:10:42,092 [ERROR] ConditionMgr:805 - Attr not supported : Dmpu
2024-11-03 14:10:42,092 [ERROR] ConditionMgr:805 - Attr not supported : Dmpu
2024-11-03 14:10:42,093 [ERROR] ConditionMgr:805 - Attr not supported : Dmpu
2024-11-03 14:10:42,093 [ERROR] ConditionMgr:805 - Attr not supported : Dmpu
2024-11-03 14:10:42,093 [ERROR] ConditionMgr:805 - Attr not supported : Dmpu
2024-11-03 14:10:42,093 [ERROR] ConditionMgr:805 - Attr not supported : Dmpu
2024-11-03 14:10:42,093 [ERROR] ConditionMgr:805 - Attr not supported : Dmpu
2024-11-03 14:10:42,093 [ERROR] ConditionMgr:805 - Attr not supported : Dmpu
2024-11-03 14:10:42,093 [ERROR] ConditionMgr:805 - Attr not supported : Dmpu
2024-11-03 14:10:42,093 [ERROR] ConditionMgr:805 - Attr not supported : Dmpu
2024-11-03 14:10:42,093 [ERROR] ConditionMgr:805 - Attr not supported : Dmpu
2024-11-03 14:10:42,093 [ERROR] ConditionMgr:805 - Attr not supported : Dmpu
2024-11-03 14:10:42,093 [ERROR] ConditionMgr:805 - Attr not supported : Dmpu
2024-11-03 14:10:42,093 [ERROR] ConditionMgr:805 - Attr not supported : Dmpu
2024-11-03 14:10:42,093 [ERROR] ConditionMgr:805 - Attr not supported : Dmpu
2024-11-03 14:10:42,094 [ERROR] ConditionMgr:805 - Attr not supported : Dmpu
2024-11-03 14:10:42,094 [ERROR] ConditionMgr:805 - Attr not supported : Dmpu
2024-11-03 14:10:42,094 [ERROR] ConditionMgr:805 - Attr not supported : Dmpu
2024-11-03 14:10:42,094 [ERROR] ConditionMgr:805 - Attr not supported : Dmpu
2024-11-03 14:10:42,094 [ERROR] ConditionMgr:805 - Attr not supported : Dmpu
2024-11-03 14:10:42,108 [WARN] PackLoader:240 - Cannot read IP mode file for RealThread.X-CUBE-RT-Thread_Nano.4.1.1
2024-11-03 14:10:42,120 [WARN] PackLoader:240 - Cannot read IP mode file for STMicroelectronics.FP-ATR-SIGFOX1.3.2.0
2024-11-03 14:10:42,136 [WARN] PackLoader:240 - Cannot read IP mode file for STMicroelectronics.X-CUBE-EEPRMA1.5.1.0
2024-11-03 14:10:42,170 [WARN] PackLoader:240 - Cannot read IP mode file for ITTIA_DB.I-CUBE-ITTIADB.8.9.0
2024-11-03 14:10:42,217 [WARN] PackLoader:240 - Cannot read IP mode file for SEGGER.I-CUBE-embOS.1.3.1
2024-11-03 14:10:42,281 [WARN] PackLoader:240 - Cannot read IP mode file for STMicroelectronics.X-CUBE-ALGOBUILD.1.4.0
2024-11-03 14:10:42,300 [WARN] PackLoader:240 - Cannot read IP mode file for STMicroelectronics.X-CUBE-AI.9.1.0
2024-11-03 14:10:42,321 [WARN] PackLoader:240 - Cannot read IP mode file for STMicroelectronics.X-CUBE-GNSS1.6.0.0
2024-11-03 14:10:42,362 [WARN] PackLoader:240 - Cannot read IP mode file for STMicroelectronics.X-CUBE-AZRTOS-F4.1.1.0
2024-11-03 14:10:42,382 [WARN] PackLoader:240 - Cannot read IP mode file for STMicroelectronics.X-CUBE-ISPU.2.1.0
2024-11-03 14:10:42,398 [WARN] PackLoader:240 - Cannot read IP mode file for STMicroelectronics.X-CUBE-FREERTOS.1.2.0
2024-11-03 14:10:42,428 [WARN] PackLoader:240 - Cannot read IP mode file for STMicroelectronics.X-CUBE-AZRTOS-L5.2.0.0
2024-11-03 14:10:42,449 [WARN] PackLoader:240 - Cannot read IP mode file for STMicroelectronics.X-CUBE-NFC6.3.1.0
2024-11-03 14:10:42,465 [WARN] PackLoader:240 - Cannot read IP mode file for STMicroelectronics.X-CUBE-DPower.1.2.0
2024-11-03 14:10:42,478 [WARN] PackLoader:240 - Cannot read IP mode file for STMicroelectronics.X-CUBE-AI.9.0.0
2024-11-03 14:10:42,492 [WARN] PackLoader:240 - Cannot read IP mode file for STMicroelectronics.X-CUBE-NFC7.1.0.1
2024-11-03 14:10:42,530 [WARN] ConditionMgr:438 - getConditionDescription Invalid condition id : LAN8742 Phy interface Condition cause : null
2024-11-03 14:10:42,531 [WARN] PackLoader:240 - Cannot read IP mode file for STMicroelectronics.X-CUBE-AZRTOS-L4.2.0.0
2024-11-03 14:10:42,532 [WARN] ConditionMgr:1039 - genDependencies : Invalid condition id : LAN8742 Phy interface Condition cause : null
2024-11-03 14:10:42,532 [WARN] ConditionMgr:1039 - genDependencies : Invalid condition id : LAN8742 Phy interface Condition cause : null
2024-11-03 14:10:42,533 [WARN] ConditionMgr:1039 - genDependencies : Invalid condition id : LAN8742 Phy interface Condition cause : null
2024-11-03 14:10:42,549 [WARN] PackLoader:240 - Cannot read IP mode file for STMicroelectronics.X-CUBE-SFXS2LP1.4.0.0
2024-11-03 14:10:42,611 [WARN] PackLoader:240 - Cannot read IP mode file for STMicroelectronics.X-CUBE-AZRTOS-H7.3.3.0
2024-11-03 14:10:42,639 [WARN] PackLoader:240 - Cannot read IP mode file for STMicroelectronics.X-CUBE-IPS.3.0.0
2024-11-03 14:10:42,686 [WARN] ConditionMgr:438 - getConditionDescription Invalid condition id : UX DEVICE CLASS RTOS Condition cause : null
2024-11-03 14:10:42,687 [WARN] ConditionMgr:438 - getConditionDescription Invalid condition id : UX DEVICE CLASS RTOS Condition cause : null
2024-11-03 14:10:42,690 [WARN] PackLoader:240 - Cannot read IP mode file for STMicroelectronics.X-CUBE-AZRTOS-WB.2.0.0
2024-11-03 14:10:42,691 [WARN] ConditionMgr:1039 - genDependencies : Invalid condition id : UX DEVICE CLASS RTOS Condition cause : null
2024-11-03 14:10:42,691 [WARN] ConditionMgr:1039 - genDependencies : Invalid condition id : UX DEVICE CLASS RTOS Condition cause : null
2024-11-03 14:10:42,691 [WARN] ConditionMgr:1039 - genDependencies : Invalid condition id : UX DEVICE CLASS RTOS Condition cause : null
2024-11-03 14:10:42,692 [WARN] ConditionMgr:1039 - genDependencies : Invalid condition id : UX DEVICE CLASS RTOS Condition cause : null
2024-11-03 14:10:42,692 [WARN] ConditionMgr:1039 - genDependencies : Invalid condition id : UX DEVICE CLASS RTOS Condition cause : null
2024-11-03 14:10:42,709 [WARN] PackLoader:240 - Cannot read IP mode file for STMicroelectronics.X-CUBE-GNSS1.7.0.0
2024-11-03 14:10:42,731 [WARN] PackLoader:240 - Cannot read IP mode file for STMicroelectronics.FP-SNS-STBOX1.2.0.0
2024-11-03 14:10:42,763 [WARN] PackLoader:240 - Cannot read IP mode file for STMicroelectronics.X-CUBE-SUBG2.5.0.0
2024-11-03 14:10:42,783 [WARN] PackLoader:240 - Cannot read IP mode file for Cesanta.I-CUBE-Mongoose.7.13.0
2024-11-03 14:10:42,827 [WARN] PackLoader:240 - Cannot read IP mode file for STMicroelectronics.X-CUBE-AZRTOS-G4.2.0.0
2024-11-03 14:10:42,845 [WARN] PackLoader:240 - Cannot read IP mode file for STMicroelectronics.X-CUBE-ISPU.2.0.0
2024-11-03 14:10:42,862 [WARN] PackLoader:240 - Cannot read IP mode file for STMicroelectronics.X-CUBE-ALS.1.0.2
2024-11-03 14:10:42,977 [WARN] PackLoader:240 - Cannot read IP mode file for STMicroelectronics.X-CUBE-MEMS1.10.0.0
2024-11-03 14:10:43,152 [WARN] PackLoader:240 - Cannot read IP mode file for STMicroelectronics.X-CUBE-TOUCHGFX.4.24.0
2024-11-03 14:10:43,189 [WARN] PackLoader:240 - Cannot read IP mode file for STMicroelectronics.X-CUBE-TOUCHGFX.4.24.1
2024-11-03 14:10:43,206 [WARN] PackLoader:240 - Cannot read IP mode file for portGmbH.I-Cube-SoM-uGOAL.1.1.0
2024-11-03 14:10:43,248 [WARN] PackLoader:240 - Cannot read IP mode file for STMicroelectronics.X-CUBE-AZRTOS-H7RS.1.0.0
2024-11-03 14:10:43,267 [WARN] PackLoader:240 - Cannot read IP mode file for STMicroelectronics.FP-ATR-ASTRA1.2.0.0
2024-11-03 14:10:43,304 [WARN] PackLoader:240 - Cannot read IP mode file for STMicroelectronics.X-CUBE-TOF1.3.4.2
2024-11-03 14:10:43,363 [WARN] PackLoader:240 - Cannot read IP mode file for Infineon.AIROC-Wi-Fi-Bluetooth-STM32.1.6.1
2024-11-03 14:10:43,370 [INFO] ThirdParty:978 - Integrity check success = true
2024-11-03 14:10:43,370 [INFO] IntegrityCheckThread:100 - exiting critical section [integrity check]
2024-11-03 14:10:43,370 [INFO] IntegrityCheckThread:103 - End integrity checks thread
2024-11-03 14:10:47,710 [INFO] WebApp:167 - Instantiating new browser for Auth
2024-11-03 14:10:49,374 [INFO] WebApp:448 - Apply proxy settings
2024-11-03 14:10:49,375 [INFO] WebApp:533 - Chromium requires no authentication
2024-11-03 14:10:49,450 [INFO] WebApp:476 - Direct internet connection detected
2024-11-03 14:10:49,604 [INFO] WebApp:869 - Register for checkConnection events
2024-11-03 14:10:49,605 [INFO] WebApp:448 - Apply proxy settings
2024-11-03 14:10:49,605 [INFO] WebApp:533 - Chromium requires no authentication
2024-11-03 14:10:49,606 [INFO] WebApp:476 - Direct internet connection detected
2024-11-03 14:10:50,093 [INFO] WebApp:186 - Connection restablished
2024-11-03 14:10:50,345 [INFO] WebApp:220 - Starting web application
2024-11-03 14:10:50,345 [INFO] WebApp:578 - Web application path used C:\ST\STM32CubeIDE_1.16.0\STM32CubeIDE\plugins\com.st.stm32cube.common.mx_6.12.0.202406281431\db\plugins\mcufinder\reactClient1\index.html
2024-11-03 14:10:50,577 [INFO] UserAuth:417 - Internet connection configuration mode: 1
2024-11-03 14:14:43,784 [ERROR] LogOutputStream:75 - [STDERR_REDIRECT] 
2024-11-03 14:14:43,785 [ERROR] LogOutputStream:75 - [STDERR_REDIRECT] 
